#
# There is insufficient memory for the Java Runtime Environment to continue.
# Native memory allocation (malloc) failed to allocate 388176 bytes for Chunk::new
# Possible reasons:
#   The system is out of physical RAM or swap space
#   The process is running with CompressedOops enabled, and the Java Heap may be blocking the growth of the native heap
# Possible solutions:
#   Reduce memory load on the system
#   Increase physical memory or swap space
#   Check if swap backing store is full
#   Decrease Java heap size (-Xmx/-Xms)
#   Decrease number of Java threads
#   Decrease Java thread stack sizes (-Xss)
#   Set larger code cache with -XX:ReservedCodeCacheSize=
#   JVM is running with Unscaled Compressed Oops mode in which the Java heap is
#     placed in the first 4GB address space. The Java Heap base address is the
#     maximum limit for the native heap growth. Please use -XX:HeapBaseMinAddress
#     to set the Java Heap base and to place the Java Heap above 4GB virtual address.
# This output file may be truncated or incomplete.
#
#  Out of Memory Error (arena.cpp:184), pid=11068, tid=6740
#
# JRE version: OpenJDK Runtime Environment (20.0+36) (build 20+36-2344)
# Java VM: OpenJDK 64-Bit Server VM (20+36-2344, mixed mode, sharing, tiered, compressed oops, compressed class ptrs, g1 gc, windows-amd64)
# No core dump will be written. Minidumps are not enabled by default on client versions of Windows
#

---------------  S U M M A R Y ------------

Command Line: -Dfile.encoding=UTF-8 --add-modules=javafx.controls,javafx.fxml,javafx.graphics --module-path=C:\Users\Shivani\OneDrive\Documents\NetBeansProjects\RestaurantManagementSystem\build\classes;C:\Program Files\JavaStuff\javafx-sdk-17.0.9\lib\javafx-swt.jar;C:\Program Files\JavaStuff\javafx-sdk-17.0.9\lib\javafx.base.jar;C:\Program Files\JavaStuff\javafx-sdk-17.0.9\lib\javafx.controls.jar;C:\Program Files\JavaStuff\javafx-sdk-17.0.9\lib\javafx.fxml.jar;C:\Program Files\JavaStuff\javafx-sdk-17.0.9\lib\javafx.graphics.jar;C:\Program Files\JavaStuff\javafx-sdk-17.0.9\lib\javafx.media.jar;C:\Program Files\JavaStuff\javafx-sdk-17.0.9\lib\javafx.swing.jar;C:\Program Files\JavaStuff\javafx-sdk-17.0.9\lib\javafx.web.jar;C:\Program Files\JavaStuff\Java jar files\fontawesomefx-8.2.jar;C:\Users\Shivani\Downloads\SearchBar.fontawesomefx-glyphsbrowser-1.3.0\fontawesomefx-glyphsbrowser-1.3.0\lib\controlsfx-8.40.11.jar;C:\Users\Shivani\Downloads\SearchBar.fontawesomefx-glyphsbrowser-1.3.0\fontawesomefx-glyphsbrowser-1.3.0\lib\fontawesomefx-commons-8.15.jar;C:\Users\Shivani\Downloads\SearchBar.fontawesomefx-glyphsbrowser-1.3.0\fontawesomefx-glyphsbrowser-1.3.0\lib\fontawesomefx-controls-8.15.jar;C:\Users\Shivani\Downloads\SearchBar.fontawesomefx-glyphsbrowser-1.3.0\fontawesomefx-glyphsbrowser-1.3.0\lib\fontawesomefx-emojione-2.2.7-2.jar;C:\Users\Shivani\Downloads\SearchBar.fontawesomefx-glyphsbrowser-1.3.0\fontawesomefx-glyphsbrowser-1.3.0\lib\fontawesomefx-fontawesome-4.7.0-5.jar;C:\Users\Shivani\Downloads\SearchBar.fontawesomefx-glyphsbrowser-1.3.0\fontawesomefx-glyphsbrowser-1.3.0\lib\fontawesomefx-glyphsbrowser-1.3.0.jar;C:\Users\Shivani\Downloads\SearchBar.fontawesomefx-glyphsbrowser-1.3.0\fontawesomefx-glyphsbrowser-1.3.0\lib\fontawesomefx-icons525-3.0.0-4.jar;C:\Users\Shivani\Downloads\SearchBar.fontawesomefx-glyphsbrowser-1.3.0\fontawesomefx-glyphsbrowser-1.3.0\lib\fontawesomefx-materialdesignfont-1.7.22-4.jar;C:\Users\Shivani\Downloads\SearchBar.fontawesomefx-glyphsbrowser-1.3.0\fontawesomefx-glyphsbrowser-1.3.0\lib\fontawesomefx-materialicons-2.2.0-5.jar;restaurantmanagementsystem.RestaurantManagementSystem

Host: 11th Gen Intel(R) Core(TM) i5-11400H @ 2.70GHz, 12 cores, 7G,  Windows 11 , 64 bit Build 22621 (10.0.22621.2428)
Time: Wed Nov  1 11:43:47 2023 India Standard Time elapsed time: 0.261160 seconds (0d 0h 0m 0s)

---------------  T H R E A D  ---------------

Current thread (0x000001c6c75722d0):  JavaThread "C2 CompilerThread1" daemon [_thread_in_native, id=6740, stack(0x00000018fd200000,0x00000018fd300000)]


Current CompileTask:
C2:    261  316       4       java.util.stream.ReferencePipeline$3$1::accept (23 bytes)

Stack: [0x00000018fd200000,0x00000018fd300000]
Native frames: (J=compiled Java code, j=interpreted, Vv=VM code, C=native code)
V  [jvm.dll+0x6bb95a]
V  [jvm.dll+0x8483aa]
V  [jvm.dll+0x849fa5]
V  [jvm.dll+0x84a6a3]
V  [jvm.dll+0x280b0f]
V  [jvm.dll+0xc2b11]
V  [jvm.dll+0xc2e35]
V  [jvm.dll+0x2f5dbf]
V  [jvm.dll+0x5e32eb]
V  [jvm.dll+0x2543b4]
V  [jvm.dll+0x25477f]
V  [jvm.dll+0x24cf6d]
V  [jvm.dll+0x24a549]
V  [jvm.dll+0x1ce491]
V  [jvm.dll+0x259e1b]
V  [jvm.dll+0x2584f0]
V  [jvm.dll+0x3f2895]
V  [jvm.dll+0x7f4906]
V  [jvm.dll+0x6ba5cb]
C  [ucrtbase.dll+0x29363]
C  [KERNEL32.DLL+0x1257d]
C  [ntdll.dll+0x5aa78]


---------------  P R O C E S S  ---------------

Threads class SMR info:
_java_thread_list=0x000001c6c74d5cc0, length=12, elements={
0x000001c6a6324040, 0x000001c6c30149b0, 0x000001c6c3015480, 0x000001c6c3018c90,
0x000001c6c30196c0, 0x000001c6c301a290, 0x000001c6c301acc0, 0x000001c6c301ba20,
0x000001c6c301c630, 0x000001c6c74cfb70, 0x000001c6c75722d0, 0x000001c6c7508e70
}

Java Threads: ( => current thread )
  0x000001c6a6324040 JavaThread "main" [_thread_in_Java, id=21020, stack(0x00000018fc200000,0x00000018fc300000)]
  0x000001c6c30149b0 JavaThread "Reference Handler" daemon [_thread_blocked, id=21680, stack(0x00000018fc900000,0x00000018fca00000)]
  0x000001c6c3015480 JavaThread "Finalizer" daemon [_thread_blocked, id=2208, stack(0x00000018fca00000,0x00000018fcb00000)]
  0x000001c6c3018c90 JavaThread "Signal Dispatcher" daemon [_thread_blocked, id=10100, stack(0x00000018fcb00000,0x00000018fcc00000)]
  0x000001c6c30196c0 JavaThread "Attach Listener" daemon [_thread_blocked, id=2108, stack(0x00000018fcc00000,0x00000018fcd00000)]
  0x000001c6c301a290 JavaThread "Service Thread" daemon [_thread_blocked, id=9672, stack(0x00000018fcd00000,0x00000018fce00000)]
  0x000001c6c301acc0 JavaThread "Monitor Deflation Thread" daemon [_thread_blocked, id=20788, stack(0x00000018fce00000,0x00000018fcf00000)]
  0x000001c6c301ba20 JavaThread "C2 CompilerThread0" daemon [_thread_in_native, id=14356, stack(0x00000018fcf00000,0x00000018fd000000)]
  0x000001c6c301c630 JavaThread "C1 CompilerThread0" daemon [_thread_in_vm, id=20724, stack(0x00000018fd000000,0x00000018fd100000)]
  0x000001c6c74cfb70 JavaThread "Common-Cleaner" daemon [_thread_blocked, id=5700, stack(0x00000018fd100000,0x00000018fd200000)]
=>0x000001c6c75722d0 JavaThread "C2 CompilerThread1" daemon [_thread_in_native, id=6740, stack(0x00000018fd200000,0x00000018fd300000)]
  0x000001c6c7508e70 JavaThread "C2 CompilerThread2" daemon [_thread_in_native, id=12788, stack(0x00000018fd300000,0x00000018fd400000)]

Other Threads:
  0x000001c6c2ff6040 VMThread "VM Thread" [stack: 0x00000018fc800000,0x00000018fc900000] [id=4468]
  0x000001c6a6383580 WorkerThread "GC Thread#0" [stack: 0x00000018fc300000,0x00000018fc400000] [id=17396]
  0x000001c6a6393b30 ConcurrentGCThread "G1 Main Marker" [stack: 0x00000018fc400000,0x00000018fc500000] [id=19720]
  0x000001c6a63945a0 WorkerThread "G1 Conc#0" [stack: 0x00000018fc500000,0x00000018fc600000] [id=904]
  0x000001c6a63debd0 ConcurrentGCThread "G1 Refine#0" [stack: 0x00000018fc600000,0x00000018fc700000] [id=2712]
  0x000001c6c2eb4750 ConcurrentGCThread "G1 Service" [stack: 0x00000018fc700000,0x00000018fc800000] [id=10432]

Threads with active compile tasks:
C2 CompilerThread0      280  336       4       jdk.internal.module.Checks::isTypeName (49 bytes)
C1 CompilerThread0      280  451       3       java.lang.invoke.MethodType::equals (56 bytes)
C2 CompilerThread1      280  316       4       java.util.stream.ReferencePipeline$3$1::accept (23 bytes)
C2 CompilerThread2      280  370       4       java.util.HashSet::add (20 bytes)

VM state: not at safepoint (normal execution)

VM Mutex/Monitor currently owned by a thread: None

Heap address: 0x0000000084000000, size: 1984 MB, Compressed Oops mode: 32-bit

CDS archive(s) mapped at: [0x0000000800000000-0x0000000800c60000-0x0000000800c60000), size 12976128, SharedBaseAddress: 0x0000000800000000, ArchiveRelocationMode: 0.
Compressed class space mapped at: 0x0000000801000000-0x0000000841000000, reserved size: 1073741824
Narrow klass base: 0x0000000800000000, Narrow klass shift: 0, Narrow klass range: 0x100000000

GC Precious Log:
 CardTable entry size: 512
 Card Set container configuration: InlinePtr #cards 5 size 8 Array Of Cards #cards 12 size 40 Howl #buckets 4 coarsen threshold 1843 Howl Bitmap #cards 512 size 80 coarsen threshold 460 Card regions per heap region 1 cards per card region 2048
 CPUs: 12 total, 12 available
 Memory: 7930M
 Large Page Support: Disabled
 NUMA Support: Disabled
 Compressed Oops: Enabled (32-bit)
 Heap Region Size: 1M
 Heap Min Capacity: 8M
 Heap Initial Capacity: 124M
 Heap Max Capacity: 1984M
 Pre-touch: Disabled
 Parallel Workers: 10
 Concurrent Workers: 3
 Concurrent Refinement Workers: 10
 Periodic GC: Disabled

Heap:
 garbage-first heap   total 126976K, used 8192K [0x0000000084000000, 0x0000000100000000)
  region size 1024K, 10 young (10240K), 0 survivors (0K)
 Metaspace       used 621K, committed 768K, reserved 1114112K
  class space    used 42K, committed 128K, reserved 1048576K

Heap Regions: E=young(eden), S=young(survivor), O=old, HS=humongous(starts), HC=humongous(continues), CS=collection set, F=free, OA=open archive, CA=closed archive, TAMS=top-at-mark-start, PB=parsable bottom
|   0|0x0000000084000000, 0x0000000084000000, 0x0000000084100000|  0%| F|  |TAMS 0x0000000084000000| PB 0x0000000084000000| Untracked 
|   1|0x0000000084100000, 0x0000000084100000, 0x0000000084200000|  0%| F|  |TAMS 0x0000000084100000| PB 0x0000000084100000| Untracked 
|   2|0x0000000084200000, 0x0000000084200000, 0x0000000084300000|  0%| F|  |TAMS 0x0000000084200000| PB 0x0000000084200000| Untracked 
|   3|0x0000000084300000, 0x0000000084300000, 0x0000000084400000|  0%| F|  |TAMS 0x0000000084300000| PB 0x0000000084300000| Untracked 
|   4|0x0000000084400000, 0x0000000084400000, 0x0000000084500000|  0%| F|  |TAMS 0x0000000084400000| PB 0x0000000084400000| Untracked 
|   5|0x0000000084500000, 0x0000000084500000, 0x0000000084600000|  0%| F|  |TAMS 0x0000000084500000| PB 0x0000000084500000| Untracked 
|   6|0x0000000084600000, 0x0000000084600000, 0x0000000084700000|  0%| F|  |TAMS 0x0000000084600000| PB 0x0000000084600000| Untracked 
|   7|0x0000000084700000, 0x0000000084700000, 0x0000000084800000|  0%| F|  |TAMS 0x0000000084700000| PB 0x0000000084700000| Untracked 
|   8|0x0000000084800000, 0x0000000084800000, 0x0000000084900000|  0%| F|  |TAMS 0x0000000084800000| PB 0x0000000084800000| Untracked 
|   9|0x0000000084900000, 0x0000000084900000, 0x0000000084a00000|  0%| F|  |TAMS 0x0000000084900000| PB 0x0000000084900000| Untracked 
|  10|0x0000000084a00000, 0x0000000084a00000, 0x0000000084b00000|  0%| F|  |TAMS 0x0000000084a00000| PB 0x0000000084a00000| Untracked 
|  11|0x0000000084b00000, 0x0000000084b00000, 0x0000000084c00000|  0%| F|  |TAMS 0x0000000084b00000| PB 0x0000000084b00000| Untracked 
|  12|0x0000000084c00000, 0x0000000084c00000, 0x0000000084d00000|  0%| F|  |TAMS 0x0000000084c00000| PB 0x0000000084c00000| Untracked 
|  13|0x0000000084d00000, 0x0000000084d00000, 0x0000000084e00000|  0%| F|  |TAMS 0x0000000084d00000| PB 0x0000000084d00000| Untracked 
|  14|0x0000000084e00000, 0x0000000084e00000, 0x0000000084f00000|  0%| F|  |TAMS 0x0000000084e00000| PB 0x0000000084e00000| Untracked 
|  15|0x0000000084f00000, 0x0000000084f00000, 0x0000000085000000|  0%| F|  |TAMS 0x0000000084f00000| PB 0x0000000084f00000| Untracked 
|  16|0x0000000085000000, 0x0000000085000000, 0x0000000085100000|  0%| F|  |TAMS 0x0000000085000000| PB 0x0000000085000000| Untracked 
|  17|0x0000000085100000, 0x0000000085100000, 0x0000000085200000|  0%| F|  |TAMS 0x0000000085100000| PB 0x0000000085100000| Untracked 
|  18|0x0000000085200000, 0x0000000085200000, 0x0000000085300000|  0%| F|  |TAMS 0x0000000085200000| PB 0x0000000085200000| Untracked 
|  19|0x0000000085300000, 0x0000000085300000, 0x0000000085400000|  0%| F|  |TAMS 0x0000000085300000| PB 0x0000000085300000| Untracked 
|  20|0x0000000085400000, 0x0000000085400000, 0x0000000085500000|  0%| F|  |TAMS 0x0000000085400000| PB 0x0000000085400000| Untracked 
|  21|0x0000000085500000, 0x0000000085500000, 0x0000000085600000|  0%| F|  |TAMS 0x0000000085500000| PB 0x0000000085500000| Untracked 
|  22|0x0000000085600000, 0x0000000085600000, 0x0000000085700000|  0%| F|  |TAMS 0x0000000085600000| PB 0x0000000085600000| Untracked 
|  23|0x0000000085700000, 0x0000000085700000, 0x0000000085800000|  0%| F|  |TAMS 0x0000000085700000| PB 0x0000000085700000| Untracked 
|  24|0x0000000085800000, 0x0000000085800000, 0x0000000085900000|  0%| F|  |TAMS 0x0000000085800000| PB 0x0000000085800000| Untracked 
|  25|0x0000000085900000, 0x0000000085900000, 0x0000000085a00000|  0%| F|  |TAMS 0x0000000085900000| PB 0x0000000085900000| Untracked 
|  26|0x0000000085a00000, 0x0000000085a00000, 0x0000000085b00000|  0%| F|  |TAMS 0x0000000085a00000| PB 0x0000000085a00000| Untracked 
|  27|0x0000000085b00000, 0x0000000085b00000, 0x0000000085c00000|  0%| F|  |TAMS 0x0000000085b00000| PB 0x0000000085b00000| Untracked 
|  28|0x0000000085c00000, 0x0000000085c00000, 0x0000000085d00000|  0%| F|  |TAMS 0x0000000085c00000| PB 0x0000000085c00000| Untracked 
|  29|0x0000000085d00000, 0x0000000085d00000, 0x0000000085e00000|  0%| F|  |TAMS 0x0000000085d00000| PB 0x0000000085d00000| Untracked 
|  30|0x0000000085e00000, 0x0000000085e00000, 0x0000000085f00000|  0%| F|  |TAMS 0x0000000085e00000| PB 0x0000000085e00000| Untracked 
|  31|0x0000000085f00000, 0x0000000085f00000, 0x0000000086000000|  0%| F|  |TAMS 0x0000000085f00000| PB 0x0000000085f00000| Untracked 
|  32|0x0000000086000000, 0x0000000086000000, 0x0000000086100000|  0%| F|  |TAMS 0x0000000086000000| PB 0x0000000086000000| Untracked 
|  33|0x0000000086100000, 0x0000000086100000, 0x0000000086200000|  0%| F|  |TAMS 0x0000000086100000| PB 0x0000000086100000| Untracked 
|  34|0x0000000086200000, 0x0000000086200000, 0x0000000086300000|  0%| F|  |TAMS 0x0000000086200000| PB 0x0000000086200000| Untracked 
|  35|0x0000000086300000, 0x0000000086300000, 0x0000000086400000|  0%| F|  |TAMS 0x0000000086300000| PB 0x0000000086300000| Untracked 
|  36|0x0000000086400000, 0x0000000086400000, 0x0000000086500000|  0%| F|  |TAMS 0x0000000086400000| PB 0x0000000086400000| Untracked 
|  37|0x0000000086500000, 0x0000000086500000, 0x0000000086600000|  0%| F|  |TAMS 0x0000000086500000| PB 0x0000000086500000| Untracked 
|  38|0x0000000086600000, 0x0000000086600000, 0x0000000086700000|  0%| F|  |TAMS 0x0000000086600000| PB 0x0000000086600000| Untracked 
|  39|0x0000000086700000, 0x0000000086700000, 0x0000000086800000|  0%| F|  |TAMS 0x0000000086700000| PB 0x0000000086700000| Untracked 
|  40|0x0000000086800000, 0x0000000086800000, 0x0000000086900000|  0%| F|  |TAMS 0x0000000086800000| PB 0x0000000086800000| Untracked 
|  41|0x0000000086900000, 0x0000000086900000, 0x0000000086a00000|  0%| F|  |TAMS 0x0000000086900000| PB 0x0000000086900000| Untracked 
|  42|0x0000000086a00000, 0x0000000086a00000, 0x0000000086b00000|  0%| F|  |TAMS 0x0000000086a00000| PB 0x0000000086a00000| Untracked 
|  43|0x0000000086b00000, 0x0000000086b00000, 0x0000000086c00000|  0%| F|  |TAMS 0x0000000086b00000| PB 0x0000000086b00000| Untracked 
|  44|0x0000000086c00000, 0x0000000086c00000, 0x0000000086d00000|  0%| F|  |TAMS 0x0000000086c00000| PB 0x0000000086c00000| Untracked 
|  45|0x0000000086d00000, 0x0000000086d00000, 0x0000000086e00000|  0%| F|  |TAMS 0x0000000086d00000| PB 0x0000000086d00000| Untracked 
|  46|0x0000000086e00000, 0x0000000086e00000, 0x0000000086f00000|  0%| F|  |TAMS 0x0000000086e00000| PB 0x0000000086e00000| Untracked 
|  47|0x0000000086f00000, 0x0000000086f00000, 0x0000000087000000|  0%| F|  |TAMS 0x0000000086f00000| PB 0x0000000086f00000| Untracked 
|  48|0x0000000087000000, 0x0000000087000000, 0x0000000087100000|  0%| F|  |TAMS 0x0000000087000000| PB 0x0000000087000000| Untracked 
|  49|0x0000000087100000, 0x0000000087100000, 0x0000000087200000|  0%| F|  |TAMS 0x0000000087100000| PB 0x0000000087100000| Untracked 
|  50|0x0000000087200000, 0x0000000087200000, 0x0000000087300000|  0%| F|  |TAMS 0x0000000087200000| PB 0x0000000087200000| Untracked 
|  51|0x0000000087300000, 0x0000000087300000, 0x0000000087400000|  0%| F|  |TAMS 0x0000000087300000| PB 0x0000000087300000| Untracked 
|  52|0x0000000087400000, 0x0000000087400000, 0x0000000087500000|  0%| F|  |TAMS 0x0000000087400000| PB 0x0000000087400000| Untracked 
|  53|0x0000000087500000, 0x0000000087500000, 0x0000000087600000|  0%| F|  |TAMS 0x0000000087500000| PB 0x0000000087500000| Untracked 
|  54|0x0000000087600000, 0x0000000087600000, 0x0000000087700000|  0%| F|  |TAMS 0x0000000087600000| PB 0x0000000087600000| Untracked 
|  55|0x0000000087700000, 0x0000000087700000, 0x0000000087800000|  0%| F|  |TAMS 0x0000000087700000| PB 0x0000000087700000| Untracked 
|  56|0x0000000087800000, 0x0000000087800000, 0x0000000087900000|  0%| F|  |TAMS 0x0000000087800000| PB 0x0000000087800000| Untracked 
|  57|0x0000000087900000, 0x0000000087900000, 0x0000000087a00000|  0%| F|  |TAMS 0x0000000087900000| PB 0x0000000087900000| Untracked 
|  58|0x0000000087a00000, 0x0000000087a00000, 0x0000000087b00000|  0%| F|  |TAMS 0x0000000087a00000| PB 0x0000000087a00000| Untracked 
|  59|0x0000000087b00000, 0x0000000087b00000, 0x0000000087c00000|  0%| F|  |TAMS 0x0000000087b00000| PB 0x0000000087b00000| Untracked 
|  60|0x0000000087c00000, 0x0000000087c00000, 0x0000000087d00000|  0%| F|  |TAMS 0x0000000087c00000| PB 0x0000000087c00000| Untracked 
|  61|0x0000000087d00000, 0x0000000087d00000, 0x0000000087e00000|  0%| F|  |TAMS 0x0000000087d00000| PB 0x0000000087d00000| Untracked 
|  62|0x0000000087e00000, 0x0000000087e00000, 0x0000000087f00000|  0%| F|  |TAMS 0x0000000087e00000| PB 0x0000000087e00000| Untracked 
|  63|0x0000000087f00000, 0x0000000087f00000, 0x0000000088000000|  0%| F|  |TAMS 0x0000000087f00000| PB 0x0000000087f00000| Untracked 
|  64|0x0000000088000000, 0x0000000088000000, 0x0000000088100000|  0%| F|  |TAMS 0x0000000088000000| PB 0x0000000088000000| Untracked 
|  65|0x0000000088100000, 0x0000000088100000, 0x0000000088200000|  0%| F|  |TAMS 0x0000000088100000| PB 0x0000000088100000| Untracked 
|  66|0x0000000088200000, 0x0000000088200000, 0x0000000088300000|  0%| F|  |TAMS 0x0000000088200000| PB 0x0000000088200000| Untracked 
|  67|0x0000000088300000, 0x0000000088300000, 0x0000000088400000|  0%| F|  |TAMS 0x0000000088300000| PB 0x0000000088300000| Untracked 
|  68|0x0000000088400000, 0x0000000088400000, 0x0000000088500000|  0%| F|  |TAMS 0x0000000088400000| PB 0x0000000088400000| Untracked 
|  69|0x0000000088500000, 0x0000000088500000, 0x0000000088600000|  0%| F|  |TAMS 0x0000000088500000| PB 0x0000000088500000| Untracked 
|  70|0x0000000088600000, 0x0000000088600000, 0x0000000088700000|  0%| F|  |TAMS 0x0000000088600000| PB 0x0000000088600000| Untracked 
|  71|0x0000000088700000, 0x0000000088700000, 0x0000000088800000|  0%| F|  |TAMS 0x0000000088700000| PB 0x0000000088700000| Untracked 
|  72|0x0000000088800000, 0x0000000088800000, 0x0000000088900000|  0%| F|  |TAMS 0x0000000088800000| PB 0x0000000088800000| Untracked 
|  73|0x0000000088900000, 0x0000000088900000, 0x0000000088a00000|  0%| F|  |TAMS 0x0000000088900000| PB 0x0000000088900000| Untracked 
|  74|0x0000000088a00000, 0x0000000088a00000, 0x0000000088b00000|  0%| F|  |TAMS 0x0000000088a00000| PB 0x0000000088a00000| Untracked 
|  75|0x0000000088b00000, 0x0000000088b00000, 0x0000000088c00000|  0%| F|  |TAMS 0x0000000088b00000| PB 0x0000000088b00000| Untracked 
|  76|0x0000000088c00000, 0x0000000088c00000, 0x0000000088d00000|  0%| F|  |TAMS 0x0000000088c00000| PB 0x0000000088c00000| Untracked 
|  77|0x0000000088d00000, 0x0000000088d00000, 0x0000000088e00000|  0%| F|  |TAMS 0x0000000088d00000| PB 0x0000000088d00000| Untracked 
|  78|0x0000000088e00000, 0x0000000088e00000, 0x0000000088f00000|  0%| F|  |TAMS 0x0000000088e00000| PB 0x0000000088e00000| Untracked 
|  79|0x0000000088f00000, 0x0000000088f00000, 0x0000000089000000|  0%| F|  |TAMS 0x0000000088f00000| PB 0x0000000088f00000| Untracked 
|  80|0x0000000089000000, 0x0000000089000000, 0x0000000089100000|  0%| F|  |TAMS 0x0000000089000000| PB 0x0000000089000000| Untracked 
|  81|0x0000000089100000, 0x0000000089100000, 0x0000000089200000|  0%| F|  |TAMS 0x0000000089100000| PB 0x0000000089100000| Untracked 
|  82|0x0000000089200000, 0x0000000089200000, 0x0000000089300000|  0%| F|  |TAMS 0x0000000089200000| PB 0x0000000089200000| Untracked 
|  83|0x0000000089300000, 0x0000000089300000, 0x0000000089400000|  0%| F|  |TAMS 0x0000000089300000| PB 0x0000000089300000| Untracked 
|  84|0x0000000089400000, 0x0000000089400000, 0x0000000089500000|  0%| F|  |TAMS 0x0000000089400000| PB 0x0000000089400000| Untracked 
|  85|0x0000000089500000, 0x0000000089500000, 0x0000000089600000|  0%| F|  |TAMS 0x0000000089500000| PB 0x0000000089500000| Untracked 
|  86|0x0000000089600000, 0x0000000089600000, 0x0000000089700000|  0%| F|  |TAMS 0x0000000089600000| PB 0x0000000089600000| Untracked 
|  87|0x0000000089700000, 0x0000000089700000, 0x0000000089800000|  0%| F|  |TAMS 0x0000000089700000| PB 0x0000000089700000| Untracked 
|  88|0x0000000089800000, 0x0000000089800000, 0x0000000089900000|  0%| F|  |TAMS 0x0000000089800000| PB 0x0000000089800000| Untracked 
|  89|0x0000000089900000, 0x0000000089900000, 0x0000000089a00000|  0%| F|  |TAMS 0x0000000089900000| PB 0x0000000089900000| Untracked 
|  90|0x0000000089a00000, 0x0000000089a00000, 0x0000000089b00000|  0%| F|  |TAMS 0x0000000089a00000| PB 0x0000000089a00000| Untracked 
|  91|0x0000000089b00000, 0x0000000089b00000, 0x0000000089c00000|  0%| F|  |TAMS 0x0000000089b00000| PB 0x0000000089b00000| Untracked 
|  92|0x0000000089c00000, 0x0000000089c00000, 0x0000000089d00000|  0%| F|  |TAMS 0x0000000089c00000| PB 0x0000000089c00000| Untracked 
|  93|0x0000000089d00000, 0x0000000089d00000, 0x0000000089e00000|  0%| F|  |TAMS 0x0000000089d00000| PB 0x0000000089d00000| Untracked 
|  94|0x0000000089e00000, 0x0000000089e00000, 0x0000000089f00000|  0%| F|  |TAMS 0x0000000089e00000| PB 0x0000000089e00000| Untracked 
|  95|0x0000000089f00000, 0x0000000089f00000, 0x000000008a000000|  0%| F|  |TAMS 0x0000000089f00000| PB 0x0000000089f00000| Untracked 
|  96|0x000000008a000000, 0x000000008a000000, 0x000000008a100000|  0%| F|  |TAMS 0x000000008a000000| PB 0x000000008a000000| Untracked 
|  97|0x000000008a100000, 0x000000008a100000, 0x000000008a200000|  0%| F|  |TAMS 0x000000008a100000| PB 0x000000008a100000| Untracked 
|  98|0x000000008a200000, 0x000000008a200000, 0x000000008a300000|  0%| F|  |TAMS 0x000000008a200000| PB 0x000000008a200000| Untracked 
|  99|0x000000008a300000, 0x000000008a300000, 0x000000008a400000|  0%| F|  |TAMS 0x000000008a300000| PB 0x000000008a300000| Untracked 
| 100|0x000000008a400000, 0x000000008a400000, 0x000000008a500000|  0%| F|  |TAMS 0x000000008a400000| PB 0x000000008a400000| Untracked 
| 101|0x000000008a500000, 0x000000008a500000, 0x000000008a600000|  0%| F|  |TAMS 0x000000008a500000| PB 0x000000008a500000| Untracked 
| 102|0x000000008a600000, 0x000000008a600000, 0x000000008a700000|  0%| F|  |TAMS 0x000000008a600000| PB 0x000000008a600000| Untracked 
| 103|0x000000008a700000, 0x000000008a700000, 0x000000008a800000|  0%| F|  |TAMS 0x000000008a700000| PB 0x000000008a700000| Untracked 
| 104|0x000000008a800000, 0x000000008a800000, 0x000000008a900000|  0%| F|  |TAMS 0x000000008a800000| PB 0x000000008a800000| Untracked 
| 105|0x000000008a900000, 0x000000008a900000, 0x000000008aa00000|  0%| F|  |TAMS 0x000000008a900000| PB 0x000000008a900000| Untracked 
| 106|0x000000008aa00000, 0x000000008aa00000, 0x000000008ab00000|  0%| F|  |TAMS 0x000000008aa00000| PB 0x000000008aa00000| Untracked 
| 107|0x000000008ab00000, 0x000000008ab00000, 0x000000008ac00000|  0%| F|  |TAMS 0x000000008ab00000| PB 0x000000008ab00000| Untracked 
| 108|0x000000008ac00000, 0x000000008ac00000, 0x000000008ad00000|  0%| F|  |TAMS 0x000000008ac00000| PB 0x000000008ac00000| Untracked 
| 109|0x000000008ad00000, 0x000000008ad00000, 0x000000008ae00000|  0%| F|  |TAMS 0x000000008ad00000| PB 0x000000008ad00000| Untracked 
| 110|0x000000008ae00000, 0x000000008ae00000, 0x000000008af00000|  0%| F|  |TAMS 0x000000008ae00000| PB 0x000000008ae00000| Untracked 
| 111|0x000000008af00000, 0x000000008af00000, 0x000000008b000000|  0%| F|  |TAMS 0x000000008af00000| PB 0x000000008af00000| Untracked 
| 112|0x000000008b000000, 0x000000008b000000, 0x000000008b100000|  0%| F|  |TAMS 0x000000008b000000| PB 0x000000008b000000| Untracked 
| 113|0x000000008b100000, 0x000000008b100000, 0x000000008b200000|  0%| F|  |TAMS 0x000000008b100000| PB 0x000000008b100000| Untracked 
| 114|0x000000008b200000, 0x000000008b276440, 0x000000008b300000| 46%| E|  |TAMS 0x000000008b200000| PB 0x000000008b200000| Complete 
| 115|0x000000008b300000, 0x000000008b400000, 0x000000008b400000|100%| E|CS|TAMS 0x000000008b300000| PB 0x000000008b300000| Complete 
| 116|0x000000008b400000, 0x000000008b500000, 0x000000008b500000|100%| E|CS|TAMS 0x000000008b400000| PB 0x000000008b400000| Complete 
| 117|0x000000008b500000, 0x000000008b600000, 0x000000008b600000|100%| E|CS|TAMS 0x000000008b500000| PB 0x000000008b500000| Complete 
| 118|0x000000008b600000, 0x000000008b700000, 0x000000008b700000|100%| E|CS|TAMS 0x000000008b600000| PB 0x000000008b600000| Complete 
| 119|0x000000008b700000, 0x000000008b800000, 0x000000008b800000|100%| E|CS|TAMS 0x000000008b700000| PB 0x000000008b700000| Complete 
| 120|0x000000008b800000, 0x000000008b900000, 0x000000008b900000|100%| E|  |TAMS 0x000000008b800000| PB 0x000000008b800000| Complete 
| 121|0x000000008b900000, 0x000000008ba00000, 0x000000008ba00000|100%| E|CS|TAMS 0x000000008b900000| PB 0x000000008b900000| Complete 
| 122|0x000000008ba00000, 0x000000008bb00000, 0x000000008bb00000|100%| E|CS|TAMS 0x000000008ba00000| PB 0x000000008ba00000| Complete 
| 123|0x000000008bb00000, 0x000000008bc00000, 0x000000008bc00000|100%| E|CS|TAMS 0x000000008bb00000| PB 0x000000008bb00000| Complete 

Card table byte_map: [0x000001c6bdd00000,0x000001c6be0e0000] _byte_map_base: 0x000001c6bd8e0000

Marking Bits: (CMBitMap*) 0x000001c6a6383a50
 Bits: [0x000001c6be4c0000, 0x000001c6c03c0000)

Polling page: 0x000001c6a4320000

Metaspace:

Usage:
  Non-class:    587.51 KB used.
      Class:     43.09 KB used.
       Both:    630.60 KB used.

Virtual space:
  Non-class space:       64.00 MB reserved,     704.00 KB (  1%) committed,  1 nodes.
      Class space:        1.00 GB reserved,     128.00 KB ( <1%) committed,  1 nodes.
             Both:        1.06 GB reserved,     832.00 KB ( <1%) committed. 

Chunk freelists:
   Non-Class:  3.99 MB
       Class:  3.74 MB
        Both:  7.73 MB

MaxMetaspaceSize: unlimited
CompressedClassSpaceSize: 1.00 GB
Initial GC threshold: 21.00 MB
Current GC threshold: 21.00 MB
CDS: on
MetaspaceReclaimPolicy: balanced
 - commit_granule_bytes: 65536.
 - commit_granule_words: 8192.
 - virtual_space_node_default_size: 8388608.
 - enlarge_chunks_in_place: 1.
 - new_chunks_are_fully_committed: 0.
 - uncommit_free_chunks: 1.
 - use_allocation_guard: 0.


Internal statistics:

num_allocs_failed_limit: 0.
num_arena_births: 14.
num_arena_deaths: 0.
num_vsnodes_births: 2.
num_vsnodes_deaths: 0.
num_space_committed: 13.
num_space_uncommitted: 0.
num_chunks_returned_to_freelist: 0.
num_chunks_taken_from_freelist: 15.
num_chunk_merges: 0.
num_chunk_splits: 10.
num_chunks_enlarged: 6.
num_inconsistent_stats: 0.

CodeHeap 'non-profiled nmethods': size=120000Kb used=146Kb max_used=146Kb free=119854Kb
 bounds [0x000001c6b5ea0000, 0x000001c6b6110000, 0x000001c6bd3d0000]
CodeHeap 'profiled nmethods': size=120000Kb used=616Kb max_used=616Kb free=119383Kb
 bounds [0x000001c6ae3d0000, 0x000001c6ae640000, 0x000001c6b5900000]
CodeHeap 'non-nmethods': size=5760Kb used=1427Kb max_used=1462Kb free=4332Kb
 bounds [0x000001c6b5900000, 0x000001c6b5b70000, 0x000001c6b5ea0000]
 total_blobs=856 nmethods=463 adapters=304
 compilation: enabled
              stopped_count=0, restarted_count=0
 full_count=0

Compilation events (20 events):
Event: 0.251 Thread 0x000001c6c301c630 nmethod 389 0x000001c6ae44f490 code [0x000001c6ae44f620, 0x000001c6ae44f870]
Event: 0.251 Thread 0x000001c6c301c630  391       3       java.lang.ref.Reference::refersTo (6 bytes)
Event: 0.251 Thread 0x000001c6c301c630 nmethod 391 0x000001c6ae44f990 code [0x000001c6ae44fb20, 0x000001c6ae44fce8]
Event: 0.251 Thread 0x000001c6c301c630  392       3       java.lang.ref.Reference::refersToImpl (6 bytes)
Event: 0.251 Thread 0x000001c6c301c630 nmethod 392 0x000001c6ae44fd90 code [0x000001c6ae44ff20, 0x000001c6ae450058]
Event: 0.252 Thread 0x000001c6c301c630  393       3       java.util.regex.Pattern$$Lambda$23/0x800000033::is (13 bytes)
Event: 0.252 Thread 0x000001c6c301c630 nmethod 393 0x000001c6ae450110 code [0x000001c6ae4502c0, 0x000001c6ae450660]
Event: 0.253 Thread 0x000001c6c301c630  394       3       java.util.regex.Pattern::lambda$union$3 (26 bytes)
Event: 0.253 Thread 0x000001c6c301c630 nmethod 394 0x000001c6ae450790 code [0x000001c6ae450940, 0x000001c6ae450c60]
Event: 0.253 Thread 0x000001c6c301c630  395       3       java.util.Arrays::copyOf (19 bytes)
Event: 0.253 Thread 0x000001c6c301c630 nmethod 395 0x000001c6ae450d90 code [0x000001c6ae450f40, 0x000001c6ae451230]
Event: 0.253 Thread 0x000001c6c301c630  396       3       java.lang.StringBuilder::length (5 bytes)
Event: 0.253 Thread 0x000001c6c301c630 nmethod 396 0x000001c6ae451390 code [0x000001c6ae451520, 0x000001c6ae451648]
Event: 0.254 Thread 0x000001c6c301c630  397       3       java.util.regex.Pattern$GroupHead::match (47 bytes)
Event: 0.255 Thread 0x000001c6c301c630 nmethod 397 0x000001c6ae451710 code [0x000001c6ae4518c0, 0x000001c6ae451b20]
Event: 0.255 Thread 0x000001c6c301c630  399       3       sun.nio.fs.WindowsPathParser::nextNonSlash (24 bytes)
Event: 0.256 Thread 0x000001c6c7508e70 nmethod 343 0x000001c6b5ebc310 code [0x000001c6b5ebc520, 0x000001c6b5ebd628]
Event: 0.256 Thread 0x000001c6c301c630 nmethod 399 0x000001c6ae451c90 code [0x000001c6ae451e80, 0x000001c6ae4525d8]
Event: 0.256 Thread 0x000001c6c7508e70  352       4       java.lang.String::startsWith (138 bytes)
Event: 0.257 Thread 0x000001c6c301c630  400       3       java.lang.StrictMath::floorOrCeil (128 bytes)

GC Heap History (0 events):
No events

Dll operation events (5 events):
Event: 0.014 Loaded shared library C:\Program Files\JavaStuff\jdk-20\bin\java.dll
Event: 0.032 Loaded shared library C:\Program Files\JavaStuff\jdk-20\bin\jsvml.dll
Event: 0.127 Loaded shared library C:\Program Files\JavaStuff\jdk-20\bin\net.dll
Event: 0.130 Loaded shared library C:\Program Files\JavaStuff\jdk-20\bin\nio.dll
Event: 0.139 Loaded shared library C:\Program Files\JavaStuff\jdk-20\bin\zip.dll

Deoptimization events (18 events):
Event: 0.172 Thread 0x000001c6a6324040 Uncommon trap: trap_request=0xffffff45 fr.pc=0x000001c6b5eb0394 relative=0x0000000000000094
Event: 0.172 Thread 0x000001c6a6324040 Uncommon trap: reason=unstable_if action=reinterpret pc=0x000001c6b5eb0394 method=java.lang.CharacterDataLatin1.isJavaIdentifierPart(I)Z @ 11 c2
Event: 0.172 Thread 0x000001c6a6324040 DEOPT PACKING pc=0x000001c6b5eb0394 sp=0x00000018fc2fdc00
Event: 0.172 Thread 0x000001c6a6324040 DEOPT UNPACKING pc=0x000001c6b591d2a2 sp=0x00000018fc2fdb78 mode 2
Event: 0.178 Thread 0x000001c6a6324040 DEOPT PACKING pc=0x000001c6ae3d31d7 sp=0x00000018fc2fdc40
Event: 0.178 Thread 0x000001c6a6324040 DEOPT UNPACKING pc=0x000001c6b596e462 sp=0x00000018fc2fd060 mode 0
Event: 0.178 Thread 0x000001c6a6324040 Uncommon trap: trap_request=0xffffff45 fr.pc=0x000001c6b5ea05c0 relative=0x0000000000000140
Event: 0.178 Thread 0x000001c6a6324040 Uncommon trap: reason=unstable_if action=reinterpret pc=0x000001c6b5ea05c0 method=java.lang.StringLatin1.indexOfChar([BIII)I @ 19 c2
Event: 0.178 Thread 0x000001c6a6324040 DEOPT PACKING pc=0x000001c6b5ea05c0 sp=0x00000018fc2fdbc0
Event: 0.178 Thread 0x000001c6a6324040 DEOPT UNPACKING pc=0x000001c6b591d2a2 sp=0x00000018fc2fdb58 mode 2
Event: 0.182 Thread 0x000001c6a6324040 DEOPT PACKING pc=0x000001c6ae41c041 sp=0x00000018fc2fdc00
Event: 0.182 Thread 0x000001c6a6324040 DEOPT UNPACKING pc=0x000001c6b596e462 sp=0x00000018fc2fd078 mode 0