#
# There is insufficient memory for the Java Runtime Environment to continue.
# Native memory allocation (mmap) failed to map 130023424 bytes for G1 virtual space
# Possible reasons:
#   The system is out of physical RAM or swap space
#   The process is running with CompressedOops enabled, and the Java Heap may be blocking the growth of the native heap
# Possible solutions:
#   Reduce memory load on the system
#   Increase physical memory or swap space
#   Check if swap backing store is full
#   Decrease Java heap size (-Xmx/-Xms)
#   Decrease number of Java threads
#   Decrease Java thread stack sizes (-Xss)
#   Set larger code cache with -XX:ReservedCodeCacheSize=
#   JVM is running with Unscaled Compressed Oops mode in which the Java heap is
#     placed in the first 4GB address space. The Java Heap base address is the
#     maximum limit for the native heap growth. Please use -XX:HeapBaseMinAddress
#     to set the Java Heap base and to place the Java Heap above 4GB virtual address.
# This output file may be truncated or incomplete.
#
#  Out of Memory Error (os_windows.cpp:3528), pid=11880, tid=10724
#
# JRE version:  (20.0+36) (build )
# Java VM: OpenJDK 64-Bit Server VM (20+36-2344, mixed mode, sharing, tiered, compressed oops, compressed class ptrs, g1 gc, windows-amd64)
# No core dump will be written. Minidumps are not enabled by default on client versions of Windows
#

---------------  S U M M A R Y ------------

Command Line: -Dfile.encoding=UTF-8 --add-modules=javafx.controls,javafx.fxml,javafx.graphics --module-path=C:\Users\Shivani\OneDrive\Documents\NetBeansProjects\RestaurantManagementSystem\build\classes;C:\Program Files\JavaStuff\javafx-sdk-17.0.9\lib\javafx-swt.jar;C:\Program Files\JavaStuff\javafx-sdk-17.0.9\lib\javafx.base.jar;C:\Program Files\JavaStuff\javafx-sdk-17.0.9\lib\javafx.controls.jar;C:\Program Files\JavaStuff\javafx-sdk-17.0.9\lib\javafx.fxml.jar;C:\Program Files\JavaStuff\javafx-sdk-17.0.9\lib\javafx.graphics.jar;C:\Program Files\JavaStuff\javafx-sdk-17.0.9\lib\javafx.media.jar;C:\Program Files\JavaStuff\javafx-sdk-17.0.9\lib\javafx.swing.jar;C:\Program Files\JavaStuff\javafx-sdk-17.0.9\lib\javafx.web.jar;C:\Program Files\JavaStuff\Java jar files\ojdbc14-10.2.0.2.0.jar;C:\Users\Shivani\Downloads\SearchBar.fontawesomefx-glyphsbrowser-1.3.0\fontawesomefx-glyphsbrowser-1.3.0\lib\fontawesomefx-fontawesome-4.7.0-5.jar;C:\Program Files\JavaStuff\Java jar files\fontawesomefx-8.2.jar;C:\Program Files\JavaStuff\Java jar files\mysql-connector-java-8.0.17.jar restaurantmanagementsystem.RestaurantManagementSystem

Host: 11th Gen Intel(R) Core(TM) i5-11400H @ 2.70GHz, 12 cores, 7G,  Windows 11 , 64 bit Build 22621 (10.0.22621.2428)
Time: Wed Nov  1 18:58:02 2023 India Standard Time elapsed time: 0.042289 seconds (0d 0h 0m 0s)

---------------  T H R E A D  ---------------

Current thread (0x000001bb0029e7c0):  JavaThread "Unknown thread" [_thread_in_vm, id=10724, stack(0x00000055cf200000,0x00000055cf300000)]

Stack: [0x00000055cf200000,0x00000055cf300000]
Native frames: (J=compiled Java code, j=interpreted, Vv=VM code, C=native code)
V  [jvm.dll+0x6bb95a]
V  [jvm.dll+0x8483aa]
V  [jvm.dll+0x849fa5]
V  [jvm.dll+0x84a6a3]
V  [jvm.dll+0x280b0f]
V  [jvm.dll+0x6b86e9]
V  [jvm.dll+0x6ad2da]
V  [jvm.dll+0x35adf5]
V  [jvm.dll+0x363016]
V  [jvm.dll+0x3b3b3e]
V  [jvm.dll+0x3b3dc5]
V  [jvm.dll+0x32b50a]
V  [jvm.dll+0x32c32b]
V  [jvm.dll+0x81106f]
V  [jvm.dll+0x3c0d91]
V  [jvm.dll+0x7fcd93]
V  [jvm.dll+0x44c76f]
V  [jvm.dll+0x44e0e1]
C  [jli.dll+0x5287]
C  [ucrtbase.dll+0x29363]
C  [KERNEL32.DLL+0x1257d]
C  [ntdll.dll+0x5aa78]


---------------  P R O C E S S  ---------------

Threads class SMR info:
_java_thread_list=0x00007ffc54d8a098, length=0, elements={
}

Java Threads: ( => current thread )

Other Threads:
  0x000001bb024cb0e0 WorkerThread "GC Thread#0" [stack: 0x00000055cf300000,0x00000055cf400000] [id=5888]
  0x000001bb024db7f0 ConcurrentGCThread "G1 Main Marker" [stack: 0x00000055cf400000,0x00000055cf500000] [id=4840]
  0x000001bb024dc3d0 WorkerThread "G1 Conc#0" [stack: 0x00000055cf500000,0x00000055cf600000] [id=4740]

[error occurred during error reporting (printing all threads), id 0xc0000005, EXCEPTION_ACCESS_VIOLATION (0xc0000005) at pc=0x00007ffc5456eb47]
VM state: not at safepoint (not fully initialized)

VM Mutex/Monitor currently owned by a thread:  ([mutex/lock_event])
[0x000001bb0246ad90] Heap_lock - owner thread: 0x000001bb0029e7c0

Heap address: 0x0000000084000000, size: 1984 MB, Compressed Oops mode: 32-bit

CDS archive(s) mapped at: [0x0000000000000000-0x0000000000000000-0x0000000000000000), size 0, SharedBaseAddress: 0x0000000800000000, ArchiveRelocationMode: 0.
Narrow klass base: 0x0000000000000000, Narrow klass shift: 0, Narrow klass range: 0x0

GC Precious Log:
 CardTable entry size: 512
 Card Set container configuration: InlinePtr #cards 5 size 8 Array Of Cards #cards 12 size 40 Howl #buckets 4 coarsen threshold 1843 Howl Bitmap #cards 512 size 80 coarsen threshold 460 Card regions per heap region 1 cards per card region 2048

Heap:
 garbage-first heap   total 0K, used 0K [0x0000000084000000, 0x0000000100000000)
  region size 1024K, 0 young (0K), 0 survivors (0K)

[error occurred during error reporting (printing heap information), id 0xc0000005, EXCEPTION_ACCESS_VIOLATION (0xc0000005) at pc=0x00007ffc54943c59]
GC Heap History (0 events):
No events

Dll operation events (1 events):
Event: 0.021 Loaded shared library C:\Program Files\JavaStuff\jdk-20\bin\java.dll

Deoptimization events (0 events):
No events

Classes loaded (0 events):
No events

Classes unloaded (0 events):
No events

Classes redefined (0 events):
No events

Internal exceptions (0 events):
No events

VM Operations (0 events):
No events

Events (0 events):
No events


Dynamic libraries:
0x00007ff758c50000 - 0x00007ff758c5e000 	C:\Program Files\JavaStuff\jdk-20\bin\java.exe
0x00007ffcacb10000 - 0x00007ffcacd27000 	C:\WINDOWS\SYSTEM32\ntdll.dll
0x00007ffcab8c0000 - 0x00007ffcab984000 	C:\WINDOWS\System32\KERNEL32.DLL
0x00007ffcaa050000 - 0x00007ffcaa3f6000 	C:\WINDOWS\System32\KERNELBASE.dll
0x00007ffcaa400000 - 0x00007ffcaa511000 	C:\WINDOWS\System32\ucrtbase.dll
0x00007ffca3d10000 - 0x00007ffca3d2b000 	C:\Program Files\JavaStuff\jdk-20\bin\VCRUNTIME140.dll
0x00007ffc96cb0000 - 0x00007ffc96cc7000 	C:\Program Files\JavaStuff\jdk-20\bin\jli.dll
0x00007ffcac0e0000 - 0x00007ffcac28d000 	C:\WINDOWS\System32\USER32.dll
0x00007ffcaa5a0000 - 0x00007ffcaa5c6000 	C:\WINDOWS\System32\win32u.dll
0x00007ffc91b10000 - 0x00007ffc91da3000 	C:\WINDOWS\WinSxS\amd64_microsoft.windows.common-controls_6595b64144ccf1df_6.0.22621.2361_none_2712ced57382f843\COMCTL32.dll
0x00007ffcaca80000 - 0x00007ffcacaa9000 	C:\WINDOWS\System32\GDI32.dll
0x00007ffcaa930000 - 0x00007ffcaa9d7000 	C:\WINDOWS\System32\msvcrt.dll
0x00007ffca9e90000 - 0x00007ffca9fa8000 	C:\WINDOWS\System32\gdi32full.dll
0x00007ffca9fb0000 - 0x00007ffcaa04a000 	C:\WINDOWS\System32\msvcp_win.dll
0x00007ffcac930000 - 0x00007ffcac961000 	C:\WINDOWS\System32\IMM32.DLL
0x00007ffca2440000 - 0x00007ffca244c000 	C:\Program Files\JavaStuff\jdk-20\bin\vcruntime140_1.dll
0x00007ffc95060000 - 0x00007ffc950ee000 	C:\Program Files\JavaStuff\jdk-20\bin\msvcp140.dll
0x00007ffc54230000 - 0x00007ffc54ec7000 	C:\Program Files\JavaStuff\jdk-20\bin\server\jvm.dll
0x00007ffcac880000 - 0x00007ffcac930000 	C:\WINDOWS\System32\ADVAPI32.dll
0x00007ffcac620000 - 0x00007ffcac6c6000 	C:\WINDOWS\System32\sechost.dll
0x00007ffcac2a0000 - 0x00007ffcac3b7000 	C:\WINDOWS\System32\RPCRT4.dll
0x00007ffca3cd0000 - 0x00007ffca3cd9000 	C:\WINDOWS\SYSTEM32\WSOCK32.dll
0x00007ffca0aa0000 - 0x00007ffca0ad4000 	C:\WINDOWS\SYSTEM32\WINMM.dll
0x00007ffcaaae0000 - 0x00007ffcaab51000 	C:\WINDOWS\System32\WS2_32.dll
0x00007ffc9ffb0000 - 0x00007ffc9ffba000 	C:\WINDOWS\SYSTEM32\VERSION.dll
0x00007ffca8fc0000 - 0x00007ffca8fd8000 	C:\WINDOWS\SYSTEM32\kernel.appcore.dll
0x00007ffca2420000 - 0x00007ffca242a000 	C:\Program Files\JavaStuff\jdk-20\bin\jimage.dll
0x00007ffca77b0000 - 0x00007ffca79de000 	C:\WINDOWS\SYSTEM32\DBGHELP.DLL
0x00007ffcaba90000 - 0x00007ffcabe1a000 	C:\WINDOWS\System32\combase.dll
0x00007ffcac990000 - 0x00007ffcaca67000 	C:\WINDOWS\System32\OLEAUT32.dll
0x00007ffc9eeb0000 - 0x00007ffc9eee2000 	C:\WINDOWS\SYSTEM32\dbgcore.DLL
0x00007ffcaa520000 - 0x00007ffcaa59a000 	C:\WINDOWS\System32\bcryptPrimitives.dll
0x00007ffca0740000 - 0x00007ffca0766000 	C:\Program Files\JavaStuff\jdk-20\bin\java.dll

dbghelp: loaded successfully - version: 4.0.5 - missing functions: none
symbol engine: initialized successfully - sym options: 0x614 - pdb path: .;C:\Program Files\JavaStuff\jdk-20\bin;C:\WINDOWS\SYSTEM32;C:\WINDOWS\WinSxS\amd64_microsoft.windows.common-controls_6595b64144ccf1df_6.0.22621.2361_none_2712ced57382f843;C:\Program Files\JavaStuff\jdk-20\bin\server

VM Arguments:
jvm_args: -Dfile.encoding=UTF-8 --add-modules=javafx.controls,javafx.fxml,javafx.graphics --module-path=C:\Users\Shivani\OneDrive\Documents\NetBeansProjects\RestaurantManagementSystem\build\classes;C:\Program Files\JavaStuff\javafx-sdk-17.0.9\lib\javafx-swt.jar;C:\Program Files\JavaStuff\javafx-sdk-17.0.9\lib\javafx.base.jar;C:\Program Files\JavaStuff\javafx-sdk-17.0.9\lib\javafx.controls.jar;C:\Program Files\JavaStuff\javafx-sdk-17.0.9\lib\javafx.fxml.jar;C:\Program Files\JavaStuff\javafx-sdk-17.0.9\lib\javafx.graphics.jar;C:\Program Files\JavaStuff\javafx-sdk-17.0.9\lib\javafx.media.jar;C:\Program Files\JavaStuff\javafx-sdk-17.0.9\lib\javafx.swing.jar;C:\Program Files\JavaStuff\javafx-sdk-17.0.9\lib\javafx.web.jar;C:\Program Files\JavaStuff\Java jar files\ojdbc14-10.2.0.2.0.jar;C:\Users\Shivani\Downloads\SearchBar.fontawesomefx-glyphsbrowser-1.3.0\fontawesomefx-glyphsbrowser-1.3.0\lib\fontawesomefx-fontawesome-4.7.0-5.jar;C:\Program Files\JavaStuff\Java jar files\fontawesomefx-8.2.jar;C:\Program Files\JavaStuff\Java jar files\mysql-connector-java-8.0.17.jar 
java_command: restaurantmanagementsystem.RestaurantManagementSystem
java_class_path (initial): C:\Program Files\JavaStuff\javafx-sdk-17.0.9\lib\javafx-swt.jar;C:\Program Files\JavaStuff\javafx-sdk-17.0.9\lib\javafx.base.jar;C:\Program Files\JavaStuff\javafx-sdk-17.0.9\lib\javafx.controls.jar;C:\Program Files\JavaStuff\javafx-sdk-17.0.9\lib\javafx.fxml.jar;C:\Program Files\JavaStuff\javafx-sdk-17.0.9\lib\javafx.graphics.jar;C:\Program Files\JavaStuff\javafx-sdk-17.0.9\lib\javafx.media.jar;C:\Program Files\JavaStuff\javafx-sdk-17.0.9\lib\javafx.swing.jar;C:\Program Files\JavaStuff\javafx-sdk-17.0.9\lib\javafx.web.jar;C:\Program Files\JavaStuff\Java jar files\ojdbc14-10.2.0.2.0.jar;C:\Users\Shivani\Downloads\SearchBar.fontawesomefx-glyphsbrowser-1.3.0\fontawesomefx-glyphsbrowser-1.3.0\lib\fontawesomefx-fontawesome-4.7.0-5.jar;C:\Program Files\JavaStuff\Java jar files\fontawesomefx-8.2.jar;C:\Program Files\JavaStuff\Java jar files\mysql-connector-java-8.0.17.jar;C:\Users\Shivani\OneDrive\Documents\NetBeansProjects\RestaurantManagementSystem\build\classes
Launcher Type: SUN_STANDARD

[Global flags]
     intx CICompilerCount                          = 4                                         {product} {ergonomic}
     uint ConcGCThreads                            = 3                                         {product} {ergonomic}
     uint G1ConcRefinementThreads                  = 10                                        {product} {ergonomic}
   size_t G1HeapRegionSize                         = 1048576                                   {product} {ergonomic}
    uintx GCDrainStackTargetSize                   = 64                                        {product} {ergonomic}
   size_t InitialHeapSize                          = 130023424                                 {product} {ergonomic}
   size_t MarkStackSize                            = 4194304                                   {product} {ergonomic}
   size_t MaxHeapSize                              = 2080374784                                {product} {ergonomic}
   size_t MinHeapDeltaBytes                        = 1048576                                   {product} {ergonomic}
   size_t MinHeapSize                              = 8388608                                   {product} {ergonomic}
    uintx NonNMethodCodeHeapSize                   = 5839372                                {pd product} {ergonomic}
    uintx NonProfiledCodeHeapSize                  = 122909434                              {pd product} {ergonomic}
    uintx ProfiledCodeHeapSize                     = 122909434                              {pd product} {ergonomic}
    uintx ReservedCodeCacheSize                    = 251658240                              {pd product} {ergonomic}
     bool SegmentedCodeCache                       = true                                      {product} {ergonomic}
   size_t SoftMaxHeapSize                          = 2080374784                             {manageable} {ergonomic}
     bool UseCompressedClassPointers               = true                           {product lp64_product} {ergonomic}
     bool UseCompressedOops                        = true                           {product lp64_product} {ergonomic}
     bool UseG1GC                                  = true                                      {product} {ergonomic}
     bool UseLargePagesIndividualAllocation        = false                                  {pd product} {ergonomic}

Logging:
Log output configuration:
 #0: stdout all=warning uptime,level,tags foldmultilines=false
 #1: stderr all=off uptime,level,tags foldmultilines=false

Environment Variables:
JAVA_HOME=C:\Program Files\JavaStuff\jdk-20
PATH=C:\Program Files (x86)\Common Files\Oracle\Java\javapath;C:\Program Files\Python310\Scripts\;C:\Program Files\Python310\;C:\Windows\system32;C:\Windows;C:\Windows\System32\Wbem;C:\Program Files\JavaStuff\jdk-20\bin;C:\Windows\System32\WindowsPowerShell\v1.0\;C:\Windows\System32\OpenSSH\;C:\Program Files (x86)\NVIDIA Corporation\PhysX\Common;C:\Program Files (x86)\dotnet\;C:\MinGW\bin;C:\ProgramData\chocolatey\bin;C:\Program Files\dotnet\;C:\WINDOWS\system32;C:\WINDOWS;C:\WINDOWS\System32\Wbem;C:\WINDOWS\System32\WindowsPowerShell\v1.0\;C:\WINDOWS\System32\OpenSSH\;C:\Program Files\Git\cmd;C:\Program Files\Microsoft VS Code\bin;C:\Program Files\nodejs\;C:\Users\Shivani\OneDrive\Desktop\LD LAB SOFTWARE\bin\nt;C:\Program Files\MongoDB\mongosh-1.10.1-win32-x64\bin;C:\Program Files\php-8.2.9;C:\Program Files (x86)\Microsoft SQL Server\160\Tools\Binn\;C:\Program Files\Microsoft SQL Server\160\Tools\Binn\;C:\Program Files\Microsoft SQL Server\Client SDK\ODBC\170\Tools\Binn\;C:\Program Files\Microsoft SQL Server\160\DTS\Binn\;C:\Program Files (x86)\Microsoft SQL Server\160\DTS\Binn\;C:\Program Files\MySQL\MySQL Server 8.0\bin;C:\Program Files\Java\jre-1.8\bin;C:\Program Files\MySQL\MySQL Shell 8.0\bin\;C:\Users\Shivani\AppData\Local\Microsoft\WindowsApps;C:\MinGW\bin;C:\Program Files\Python310\Scripts;C:\Users\Shivani\AppData\Local\Programs\Microsoft VS Code\bin;C:\Users\Shivani\AppData\Roaming\npm;C:\Program Files\Azure Data Studio\bin;C:\Program Files\JetBrains\IntelliJ IDEA Community Edition 2023.2.4\bin;
USERNAME=Shivani
OS=Windows_NT
PROCESSOR_IDENTIFIER=Intel64 Family 6 Model 141 Stepping 1, GenuineIntel
TMP=C:\Users\Shivani\AppData\Local\Temp
TEMP=C:\Users\Shivani\AppData\Local\Temp




---------------  S Y S T E M  ---------------

OS:
 Windows 11 , 64 bit Build 22621 (10.0.22621.2428)
OS uptime: 0 days 0:40 hours
Hyper-V role detected

CPU: total 12 (initial active 12) (6 cores per cpu, 2 threads per core) family 6 model 141 stepping 1 microcode 0x34, cx8, cmov, fxsr, ht, mmx, 3dnowpref, sse, sse2, sse3, ssse3, sse4.1, sse4.2, popcnt, lzcnt, tsc, tscinvbit, avx, avx2, aes, erms, clmul, bmi1, bmi2, adx, avx512f, avx512dq, avx512cd, avx512bw, avx512vl, sha, fma, vzeroupper, avx512_vpopcntdq, avx512_vpclmulqdq, avx512_vaes, avx512_vnni, clflush, clflushopt, clwb, avx512_vbmi2, avx512_vbmi, hv, rdtscp, rdpid, fsrm, gfni, avx512_bitalg, f16c, cet_ibt, cet_ss, avx512_ifma

Memory: 4k page, system-wide physical 7930M (1540M free)
TotalPageFile size 10930M (AvailPageFile size 94M)
current process WorkingSet (physical memory assigned to process): 11M, peak: 11M
current process commit charge ("private bytes"): 64M, peak: 188M

vm_info: OpenJDK 64-Bit Server VM (20+36-2344) for windows-amd64 JRE (20+36-2344), built on 2023-02-10T19:30:15Z by "mach5one" with MS VC++ 17.1 (VS2022)

END.
